<?xml version="1.0" encoding="UTF-8"?>
<!-- Generated by org.testng.reporters.JUnitReportReporter -->
<testsuite hostname="kanchana" failures="0" tests="1" name="log4j.Log4jDemo" time="0.432" errors="0" timestamp="2023-02-15T15:00:40 PST" skipped="0">
  <testcase classname="log4j.Log4jDemo" name="log" time="0.432"/>
  <system-out/>
</testsuite> <!-- log4j.Log4jDemo -->
